<?xml version="1.0" encoding="UTF-8"?>
<!-- Generated by org.testng.reporters.JUnitReportReporter -->
<testsuite hostname="LAPTOP-EKBQQJUS" failures="0" tests="1" name="testCases.TC_03_CreationNouveauProjet_Redmine" time="4.434" errors="0" timestamp="2023-12-18T12:23:21 HNE" skipped="0">
  <testcase classname="testCases.TC_03_CreationNouveauProjet_Redmine" name="test_NouveauProjet" time="4.434"/>
</testsuite> <!-- testCases.TC_03_CreationNouveauProjet_Redmine -->
