<?xml version="1.0" encoding="UTF-8"?>
<!-- Generated by org.testng.reporters.JUnitReportReporter -->
<testsuite hostname="LAPTOP-EKBQQJUS" failures="0" tests="1" name="testCases.TC_02_ConnexionRedmine" time="0.931" errors="0" timestamp="2023-12-18T12:26:23 HNE" skipped="0">
  <testcase classname="testCases.TC_02_ConnexionRedmine" name="ConnexionRedmine_Test" time="0.931"/>
</testsuite> <!-- testCases.TC_02_ConnexionRedmine -->
